# JRE version: OpenJDK Runtime Environment (11.0+28) (build 11+28)
# Java VM: OpenJDK 64-Bit Server VM (11+28, mixed mode, tiered, compressed oops, g1 gc, windows-amd64)
Heap:
 garbage-first heap   total 312320K, used 175259K [0x0000000703000000, 0x0000000800000000)
  region size 1024K, 148 young (151552K), 18 survivors (18432K)
 Metaspace       used 83614K, capacity 86524K, committed 86784K, reserved 1124352K
  class space    used 10795K, capacity 11936K, committed 12032K, reserved 1048576K
GC Heap History (10 events):
Event: 2.341 GC heap before
{Heap before GC invocations=5 (full 0):
 garbage-first heap   total 260096K, used 143626K [0x0000000703000000, 0x0000000800000000)
  region size 1024K, 138 young (141312K), 8 survivors (8192K)
 Metaspace       used 34750K, capacity 35718K, committed 35840K, reserved 1081344K
  class space    used 4104K, capacity 4510K, committed 4608K, reserved 1048576K
}
Event: 2.352 GC heap after
{Heap after GC invocations=6 (full 0):
 garbage-first heap   total 260096K, used 15442K [0x0000000703000000, 0x0000000800000000)
  region size 1024K, 11 young (11264K), 11 survivors (11264K)
 Metaspace       used 34750K, capacity 35718K, committed 35840K, reserved 1081344K
  class space    used 4104K, capacity 4510K, committed 4608K, reserved 1048576K
}
Event: 3.581 GC heap before
{Heap before GC invocations=7 (full 0):
 garbage-first heap   total 260096K, used 158802K [0x0000000703000000, 0x0000000800000000)
  region size 1024K, 152 young (155648K), 11 survivors (11264K)
 Metaspace       used 43534K, capacity 44822K, committed 45056K, reserved 1089536K
  class space    used 5260K, capacity 5796K, committed 5888K, reserved 1048576K
}
Event: 3.593 GC heap after
{Heap after GC invocations=8 (full 0):
 garbage-first heap   total 312320K, used 20753K [0x0000000703000000, 0x0000000800000000)
  region size 1024K, 13 young (13312K), 13 survivors (13312K)
 Metaspace       used 43534K, capacity 44822K, committed 45056K, reserved 1089536K
  class space    used 5260K, capacity 5796K, committed 5888K, reserved 1048576K
}
Event: 5.208 GC heap before
{Heap before GC invocations=8 (full 0):
 garbage-first heap   total 312320K, used 173329K [0x0000000703000000, 0x0000000800000000)
  region size 1024K, 164 young (167936K), 13 survivors (13312K)
 Metaspace       used 58557K, capacity 59992K, committed 60160K, reserved 1101824K
  class space    used 7330K, capacity 7925K, committed 7936K, reserved 1048576K
}
Event: 5.224 GC heap after
{Heap after GC invocations=9 (full 0):
 garbage-first heap   total 312320K, used 25988K [0x0000000703000000, 0x0000000800000000)
  region size 1024K, 17 young (17408K), 17 survivors (17408K)
 Metaspace       used 58557K, capacity 59992K, committed 60160K, reserved 1101824K
  class space    used 7330K, capacity 7925K, committed 7936K, reserved 1048576K
}
Event: 7.156 GC heap before
{Heap before GC invocations=10 (full 0):
 garbage-first heap   total 312320K, used 195972K [0x0000000703000000, 0x0000000800000000)
  region size 1024K, 183 young (187392K), 17 survivors (17408K)
 Metaspace       used 72410K, capacity 74385K, committed 74624K, reserved 1114112K
  class space    used 9234K, capacity 10014K, committed 10112K, reserved 1048576K
}
Event: 7.170 GC heap after
{Heap after GC invocations=11 (full 0):
 garbage-first heap   total 312320K, used 34796K [0x0000000703000000, 0x0000000800000000)
  region size 1024K, 20 young (20480K), 20 survivors (20480K)
 Metaspace       used 72410K, capacity 74385K, committed 74624K, reserved 1114112K
  class space    used 9234K, capacity 10014K, committed 10112K, reserved 1048576K
}
Event: 8.467 GC heap before
{Heap before GC invocations=11 (full 0):
 garbage-first heap   total 312320K, used 201708K [0x0000000703000000, 0x0000000800000000)
  region size 1024K, 183 young (187392K), 20 survivors (20480K)
 Metaspace       used 77985K, capacity 80162K, committed 80384K, reserved 1118208K
  class space    used 10022K, capacity 10910K, committed 11008K, reserved 1048576K
}
Event: 8.481 GC heap after
{Heap after GC invocations=12 (full 0):
 garbage-first heap   total 312320K, used 43163K [0x0000000703000000, 0x0000000800000000)
  region size 1024K, 18 young (18432K), 18 survivors (18432K)
 Metaspace       used 77985K, capacity 80162K, committed 80384K, reserved 1118208K
  class space    used 10022K, capacity 10910K, committed 11008K, reserved 1048576K
}

